                                 Started job on |	Nov 17 19:49:11
                             Started mapping on |	Nov 17 19:49:11
                                    Finished on |	Nov 17 19:49:16
       Mapping speed, Million of reads per hour |	13.54

                          Number of input reads |	18800
                      Average input read length |	100
                                    UNIQUE READS:
                   Uniquely mapped reads number |	18138
                        Uniquely mapped reads % |	96.48%
                          Average mapped length |	97.57
                       Number of splices: Total |	96
            Number of splices: Annotated (sjdb) |	0
                       Number of splices: GT/AG |	64
                       Number of splices: GC/AG |	5
                       Number of splices: AT/AC |	0
               Number of splices: Non-canonical |	27
                      Mismatch rate per base, % |	5.15%
                         Deletion rate per base |	0.03%
                        Deletion average length |	2.43
                        Insertion rate per base |	0.00%
                       Insertion average length |	0.00
                             MULTI-MAPPING READS:
        Number of reads mapped to multiple loci |	197
             % of reads mapped to multiple loci |	1.05%
        Number of reads mapped to too many loci |	0
             % of reads mapped to too many loci |	0.00%
                                  UNMAPPED READS:
  Number of reads unmapped: too many mismatches |	0
       % of reads unmapped: too many mismatches |	0.00%
            Number of reads unmapped: too short |	457
                 % of reads unmapped: too short |	2.43%
                Number of reads unmapped: other |	8
                     % of reads unmapped: other |	0.04%
                                  CHIMERIC READS:
                       Number of chimeric reads |	0
                            % of chimeric reads |	0.00%
