STAR version=2.7.3a
STAR compilation time,server,dir=Tue Oct 8 14:26:19 EDT 2019 vega:/home/dobin/data/STAR/STARcode/STAR.master/source
##### Command Line:
STAR --genomeDir ../genomeDir/ --readFilesIn ../ebola_mut_reads1.fq ../ebola_mut_reads2.fq --runThreadN 4
##### Initial USER parameters from Command Line:
###### All USER parameters from Command Line:
genomeDir                     ../genomeDir/     ~RE-DEFINED
readFilesIn                   ../ebola_mut_reads1.fq   ../ebola_mut_reads2.fq        ~RE-DEFINED
runThreadN                    4     ~RE-DEFINED
##### Finished reading parameters from all sources

##### Final user re-defined parameters-----------------:
runThreadN                        4
genomeDir                         ../genomeDir/
readFilesIn                       ../ebola_mut_reads1.fq   ../ebola_mut_reads2.fq   

-------------------------------
##### Final effective command line:
STAR   --runThreadN 4   --genomeDir ../genomeDir/   --readFilesIn ../ebola_mut_reads1.fq   ../ebola_mut_reads2.fq   
----------------------------------------

Finished loading and checking parameters
Reading genome generation parameters:
### STAR   --runMode genomeGenerate   --runThreadN 4   --genomeDir genomeDir   --genomeFastaFiles genomeDir/genome.fa      --genomeSAindexNbases 6
### GstrandBit=32
versionGenome                 2.7.1a     ~RE-DEFINED
genomeFastaFiles              genomeDir/genome.fa        ~RE-DEFINED
genomeSAindexNbases           6     ~RE-DEFINED
genomeChrBinNbits             18     ~RE-DEFINED
genomeSAsparseD               1     ~RE-DEFINED
sjdbOverhang                  0     ~RE-DEFINED
sjdbFileChrStartEnd           -        ~RE-DEFINED
sjdbGTFfile                   -     ~RE-DEFINED
sjdbGTFchrPrefix              -     ~RE-DEFINED
sjdbGTFfeatureExon            exon     ~RE-DEFINED
sjdbGTFtagExonParentTranscripttranscript_id     ~RE-DEFINED
sjdbGTFtagExonParentGene      gene_id     ~RE-DEFINED
sjdbInsertSave                Basic     ~RE-DEFINED
genomeFileSizes               262144   156415        ~RE-DEFINED
Genome version is compatible with current STAR
Number of real (reference) chromosomes= 1
1	gi|10313991|ref|NC_002549.1|	18959	0
Started loading the genome: Sun Nov 17 19:49:11 2019

Genome: size given as a parameter = 262144
SA: size given as a parameter = 156415
SAindex: size given as a parameter = 1
Read from SAindex: pGe.gSAindexNbases=6  nSAi=5460
nGenome=262144;  nSAbyte=156415
GstrandBit=32   SA number of indices=37918
Shared memory is not used for genomes. Allocated a private copy of the genome.
Genome file size: 262144 bytes; state: good=1 eof=0 fail=0 bad=0
Loading Genome ... done! state: good=1 eof=0 fail=0 bad=0; loaded 262144 bytes
SA file size: 156415 bytes; state: good=1 eof=0 fail=0 bad=0
Loading SA ... done! state: good=1 eof=0 fail=0 bad=0; loaded 156415 bytes
Loading SAindex ... done: 23955 bytes
Finished loading the genome: Sun Nov 17 19:49:11 2019

alignIntronMax=alignMatesGapMax=0, the max intron size will be approximately determined by (2^winBinNbits)*winAnchorDistNbins=589824
Created thread # 1
Created thread # 2
Created thread # 3
Thread #1 end of input stream, nextChar=-1
Completed: thread #2
Completed: thread #3
Completed: thread #0
Completed: thread #1
Joined thread # 1
Joined thread # 2
Joined thread # 3
ALL DONE!
